<?xml version="1.0" encoding="UTF-8"?>
<testsuite xmlns:xsi="http://www.w3.org/2001/XMLSchema-instance" xsi:noNamespaceSchemaLocation="https://maven.apache.org/surefire/maven-surefire-plugin/xsd/surefire-test-report.xsd" name="TestSuite" time="73.889" tests="9" errors="0" skipped="0" failures="2">
  <properties>
    <property name="sun.desktop" value="windows"/>
    <property name="awt.toolkit" value="sun.awt.windows.WToolkit"/>
    <property name="file.encoding.pkg" value="sun.io"/>
    <property name="java.specification.version" value="1.8"/>
    <property name="sun.cpu.isalist" value="amd64"/>
    <property name="sun.jnu.encoding" value="Cp1252"/>
    <property name="java.class.path" value="C:\Users\efrain\git\com.adactin.hotelapp\com.adactin.hotelapp\target\test-classes;C:\Users\efrain\git\com.adactin.hotelapp\com.adactin.hotelapp\target\classes;C:\Users\efrain\.m2\repository\org\apache\maven\plugins\maven-jxr-plugin\2.3\maven-jxr-plugin-2.3.jar;C:\Users\efrain\.m2\repository\org\apache\velocity\velocity\1.5\velocity-1.5.jar;C:\Users\efrain\.m2\repository\commons-collections\commons-collections\3.1\commons-collections-3.1.jar;C:\Users\efrain\.m2\repository\commons-lang\commons-lang\2.1\commons-lang-2.1.jar;C:\Users\efrain\.m2\repository\oro\oro\2.0.8\oro-2.0.8.jar;C:\Users\efrain\.m2\repository\org\apache\maven\maven-jxr\2.3\maven-jxr-2.3.jar;C:\Users\efrain\.m2\repository\org\apache\maven\maven-plugin-api\2.0.9\maven-plugin-api-2.0.9.jar;C:\Users\efrain\.m2\repository\org\apache\maven\maven-project\2.0.9\maven-project-2.0.9.jar;C:\Users\efrain\.m2\repository\org\apache\maven\maven-settings\2.0.9\maven-settings-2.0.9.jar;C:\Users\efrain\.m2\repository\org\apache\maven\maven-profile\2.0.9\maven-profile-2.0.9.jar;C:\Users\efrain\.m2\repository\org\apache\maven\maven-artifact-manager\2.0.9\maven-artifact-manager-2.0.9.jar;C:\Users\efrain\.m2\repository\org\apache\maven\maven-repository-metadata\2.0.9\maven-repository-metadata-2.0.9.jar;C:\Users\efrain\.m2\repository\org\apache\maven\maven-plugin-registry\2.0.9\maven-plugin-registry-2.0.9.jar;C:\Users\efrain\.m2\repository\org\apache\maven\maven-artifact\2.0.9\maven-artifact-2.0.9.jar;C:\Users\efrain\.m2\repository\org\codehaus\plexus\plexus-container-default\1.0-alpha-9-stable-1\plexus-container-default-1.0-alpha-9-stable-1.jar;C:\Users\efrain\.m2\repository\classworlds\classworlds\1.1-alpha-2\classworlds-1.1-alpha-2.jar;C:\Users\efrain\.m2\repository\org\apache\maven\maven-model\2.0.9\maven-model-2.0.9.jar;C:\Users\efrain\.m2\repository\org\apache\maven\reporting\maven-reporting-api\3.0\maven-reporting-api-3.0.jar;C:\Users\efrain\.m2\repository\org\apache\maven\reporting\maven-reporting-impl\2.1\maven-reporting-impl-2.1.jar;C:\Users\efrain\.m2\repository\org\apache\maven\doxia\doxia-core\1.1.2\doxia-core-1.1.2.jar;C:\Users\efrain\.m2\repository\commons-httpclient\commons-httpclient\3.1\commons-httpclient-3.1.jar;C:\Users\efrain\.m2\repository\commons-validator\commons-validator\1.2.0\commons-validator-1.2.0.jar;C:\Users\efrain\.m2\repository\commons-beanutils\commons-beanutils\1.7.0\commons-beanutils-1.7.0.jar;C:\Users\efrain\.m2\repository\commons-digester\commons-digester\1.6\commons-digester-1.6.jar;C:\Users\efrain\.m2\repository\org\apache\maven\wagon\wagon-provider-api\1.0\wagon-provider-api-1.0.jar;C:\Users\efrain\.m2\repository\org\apache\maven\doxia\doxia-site-renderer\1.2\doxia-site-renderer-1.2.jar;C:\Users\efrain\.m2\repository\org\apache\maven\doxia\doxia-logging-api\1.2\doxia-logging-api-1.2.jar;C:\Users\efrain\.m2\repository\org\apache\maven\doxia\doxia-decoration-model\1.2\doxia-decoration-model-1.2.jar;C:\Users\efrain\.m2\repository\org\apache\maven\doxia\doxia-module-xhtml\1.2\doxia-module-xhtml-1.2.jar;C:\Users\efrain\.m2\repository\org\apache\maven\doxia\doxia-module-fml\1.2\doxia-module-fml-1.2.jar;C:\Users\efrain\.m2\repository\org\codehaus\plexus\plexus-i18n\1.0-beta-7\plexus-i18n-1.0-beta-7.jar;C:\Users\efrain\.m2\repository\org\codehaus\plexus\plexus-velocity\1.1.7\plexus-velocity-1.1.7.jar;C:\Users\efrain\.m2\repository\org\apache\maven\doxia\doxia-sink-api\1.2\doxia-sink-api-1.2.jar;C:\Users\efrain\.m2\repository\org\codehaus\plexus\plexus-utils\1.5.8\plexus-utils-1.5.8.jar;C:\Users\efrain\.m2\repository\xml-apis\xml-apis\1.0.b2\xml-apis-1.0.b2.jar;C:\Users\efrain\.m2\repository\xalan\xalan\2.7.0\xalan-2.7.0.jar;C:\Users\efrain\.m2\repository\org\seleniumhq\selenium\selenium-java\3.5.3\selenium-java-3.5.3.jar;C:\Users\efrain\.m2\repository\org\seleniumhq\selenium\selenium-api\3.5.3\selenium-api-3.5.3.jar;C:\Users\efrain\.m2\repository\org\seleniumhq\selenium\selenium-chrome-driver\3.5.3\selenium-chrome-driver-3.5.3.jar;C:\Users\efrain\.m2\repository\org\seleniumhq\selenium\selenium-edge-driver\3.5.3\selenium-edge-driver-3.5.3.jar;C:\Users\efrain\.m2\repository\org\seleniumhq\selenium\selenium-firefox-driver\3.5.3\selenium-firefox-driver-3.5.3.jar;C:\Users\efrain\.m2\repository\org\seleniumhq\selenium\selenium-ie-driver\3.5.3\selenium-ie-driver-3.5.3.jar;C:\Users\efrain\.m2\repository\org\seleniumhq\selenium\selenium-opera-driver\3.5.3\selenium-opera-driver-3.5.3.jar;C:\Users\efrain\.m2\repository\org\seleniumhq\selenium\selenium-remote-driver\3.5.3\selenium-remote-driver-3.5.3.jar;C:\Users\efrain\.m2\repository\org\seleniumhq\selenium\selenium-safari-driver\3.5.3\selenium-safari-driver-3.5.3.jar;C:\Users\efrain\.m2\repository\org\seleniumhq\selenium\selenium-support\3.5.3\selenium-support-3.5.3.jar;C:\Users\efrain\.m2\repository\cglib\cglib-nodep\3.2.4\cglib-nodep-3.2.4.jar;C:\Users\efrain\.m2\repository\org\apache\commons\commons-exec\1.3\commons-exec-1.3.jar;C:\Users\efrain\.m2\repository\org\apache\commons\commons-lang3\3.5\commons-lang3-3.5.jar;C:\Users\efrain\.m2\repository\commons-codec\commons-codec\1.10\commons-codec-1.10.jar;C:\Users\efrain\.m2\repository\commons-io\commons-io\2.5\commons-io-2.5.jar;C:\Users\efrain\.m2\repository\commons-logging\commons-logging\1.2\commons-logging-1.2.jar;C:\Users\efrain\.m2\repository\org\w3c\css\sac\1.3\sac-1.3.jar;C:\Users\efrain\.m2\repository\net\sourceforge\cssparser\cssparser\0.9.23\cssparser-0.9.23.jar;C:\Users\efrain\.m2\repository\com\google\code\gson\gson\2.8.0\gson-2.8.0.jar;C:\Users\efrain\.m2\repository\com\google\guava\guava\23.0\guava-23.0.jar;C:\Users\efrain\.m2\repository\com\google\code\findbugs\jsr305\1.3.9\jsr305-1.3.9.jar;C:\Users\efrain\.m2\repository\com\google\errorprone\error_prone_annotations\2.0.18\error_prone_annotations-2.0.18.jar;C:\Users\efrain\.m2\repository\com\google\j2objc\j2objc-annotations\1.1\j2objc-annotations-1.1.jar;C:\Users\efrain\.m2\repository\org\codehaus\mojo\animal-sniffer-annotations\1.14\animal-sniffer-annotations-1.14.jar;C:\Users\efrain\.m2\repository\org\hamcrest\hamcrest-core\1.3\hamcrest-core-1.3.jar;C:\Users\efrain\.m2\repository\net\sourceforge\htmlunit\htmlunit-core-js\2.27\htmlunit-core-js-2.27.jar;C:\Users\efrain\.m2\repository\net\sourceforge\htmlunit\neko-htmlunit\2.27\neko-htmlunit-2.27.jar;C:\Users\efrain\.m2\repository\org\apache\httpcomponents\httpclient\4.5.3\httpclient-4.5.3.jar;C:\Users\efrain\.m2\repository\org\apache\httpcomponents\httpcore\4.4.6\httpcore-4.4.6.jar;C:\Users\efrain\.m2\repository\org\apache\httpcomponents\httpmime\4.5.3\httpmime-4.5.3.jar;C:\Users\efrain\.m2\repository\org\eclipse\jetty\jetty-client\9.4.5.v20170502\jetty-client-9.4.5.v20170502.jar;C:\Users\efrain\.m2\repository\org\eclipse\jetty\jetty-http\9.4.5.v20170502\jetty-http-9.4.5.v20170502.jar;C:\Users\efrain\.m2\repository\org\eclipse\jetty\jetty-io\9.4.5.v20170502\jetty-io-9.4.5.v20170502.jar;C:\Users\efrain\.m2\repository\org\eclipse\jetty\jetty-util\9.4.5.v20170502\jetty-util-9.4.5.v20170502.jar;C:\Users\efrain\.m2\repository\net\java\dev\jna\jna\4.1.0\jna-4.1.0.jar;C:\Users\efrain\.m2\repository\net\java\dev\jna\jna-platform\4.1.0\jna-platform-4.1.0.jar;C:\Users\efrain\.m2\repository\junit\junit\4.12\junit-4.12.jar;C:\Users\efrain\.m2\repository\com\codeborne\phantomjsdriver\1.4.0\phantomjsdriver-1.4.0.jar;C:\Users\efrain\.m2\repository\org\seleniumhq\selenium\htmlunit-driver\2.27\htmlunit-driver-2.27.jar;C:\Users\efrain\.m2\repository\javax\servlet\javax.servlet-api\3.1.0\javax.servlet-api-3.1.0.jar;C:\Users\efrain\.m2\repository\org\eclipse\jetty\websocket\websocket-api\9.4.5.v20170502\websocket-api-9.4.5.v20170502.jar;C:\Users\efrain\.m2\repository\org\eclipse\jetty\websocket\websocket-client\9.4.5.v20170502\websocket-client-9.4.5.v20170502.jar;C:\Users\efrain\.m2\repository\org\eclipse\jetty\websocket\websocket-common\9.4.5.v20170502\websocket-common-9.4.5.v20170502.jar;C:\Users\efrain\.m2\repository\xalan\serializer\2.7.2\serializer-2.7.2.jar;C:\Users\efrain\.m2\repository\xerces\xercesImpl\2.11.0\xercesImpl-2.11.0.jar;C:\Users\efrain\.m2\repository\mysql\mysql-connector-java\6.0.6\mysql-connector-java-6.0.6.jar;C:\Users\efrain\.m2\repository\net\sourceforge\htmlunit\htmlunit\2.26\htmlunit-2.26.jar;C:\Users\efrain\.m2\repository\org\testng\testng\6.10\testng-6.10.jar;C:\Users\efrain\.m2\repository\com\beust\jcommander\1.48\jcommander-1.48.jar;C:\Users\efrain\.m2\repository\org\apache\poi\poi-ooxml\3.16\poi-ooxml-3.16.jar;C:\Users\efrain\.m2\repository\org\apache\poi\poi\3.16\poi-3.16.jar;C:\Users\efrain\.m2\repository\org\apache\commons\commons-collections4\4.1\commons-collections4-4.1.jar;C:\Users\efrain\.m2\repository\org\apache\poi\poi-ooxml-schemas\3.16\poi-ooxml-schemas-3.16.jar;C:\Users\efrain\.m2\repository\org\apache\xmlbeans\xmlbeans\2.6.0\xmlbeans-2.6.0.jar;C:\Users\efrain\.m2\repository\stax\stax-api\1.0.1\stax-api-1.0.1.jar;C:\Users\efrain\.m2\repository\com\github\virtuald\curvesapi\1.04\curvesapi-1.04.jar;C:\Users\efrain\.m2\repository\log4j\log4j\1.2.17\log4j-1.2.17.jar;C:\Users\efrain\.m2\repository\org\apache\maven\surefire\surefire-testng-utils\2.20.1\surefire-testng-utils-2.20.1.jar;C:\Users\efrain\.m2\repository\org\apache\maven\surefire\surefire-grouper\2.20.1\surefire-grouper-2.20.1.jar;"/>
    <property name="java.vm.vendor" value="Oracle Corporation"/>
    <property name="sun.arch.data.model" value="64"/>
    <property name="user.variant" value=""/>
    <property name="java.vendor.url" value="http://java.oracle.com/"/>
    <property name="user.timezone" value=""/>
    <property name="java.vm.specification.version" value="1.8"/>
    <property name="os.name" value="Windows 7"/>
    <property name="user.country" value="US"/>
    <property name="sun.java.launcher" value="SUN_STANDARD"/>
    <property name="sun.boot.library.path" value="C:\Program Files\Java\jdk1.8.0_121\jre\bin"/>
    <property name="sun.java.command" value="C:\Users\efrain\AppData\Local\Temp\surefire3229643395425854841\surefirebooter5161299807921953779.jar C:\Users\efrain\AppData\Local\Temp\surefire3229643395425854841 2017-10-21T05-22-01_776-jvmRun1 surefire8928917178215112238tmp surefire_03741611147926191425tmp"/>
    <property name="surefire.test.class.path" value="C:\Users\efrain\git\com.adactin.hotelapp\com.adactin.hotelapp\target\test-classes;C:\Users\efrain\git\com.adactin.hotelapp\com.adactin.hotelapp\target\classes;C:\Users\efrain\.m2\repository\org\apache\maven\plugins\maven-jxr-plugin\2.3\maven-jxr-plugin-2.3.jar;C:\Users\efrain\.m2\repository\org\apache\velocity\velocity\1.5\velocity-1.5.jar;C:\Users\efrain\.m2\repository\commons-collections\commons-collections\3.1\commons-collections-3.1.jar;C:\Users\efrain\.m2\repository\commons-lang\commons-lang\2.1\commons-lang-2.1.jar;C:\Users\efrain\.m2\repository\oro\oro\2.0.8\oro-2.0.8.jar;C:\Users\efrain\.m2\repository\org\apache\maven\maven-jxr\2.3\maven-jxr-2.3.jar;C:\Users\efrain\.m2\repository\org\apache\maven\maven-plugin-api\2.0.9\maven-plugin-api-2.0.9.jar;C:\Users\efrain\.m2\repository\org\apache\maven\maven-project\2.0.9\maven-project-2.0.9.jar;C:\Users\efrain\.m2\repository\org\apache\maven\maven-settings\2.0.9\maven-settings-2.0.9.jar;C:\Users\efrain\.m2\repository\org\apache\maven\maven-profile\2.0.9\maven-profile-2.0.9.jar;C:\Users\efrain\.m2\repository\org\apache\maven\maven-artifact-manager\2.0.9\maven-artifact-manager-2.0.9.jar;C:\Users\efrain\.m2\repository\org\apache\maven\maven-repository-metadata\2.0.9\maven-repository-metadata-2.0.9.jar;C:\Users\efrain\.m2\repository\org\apache\maven\maven-plugin-registry\2.0.9\maven-plugin-registry-2.0.9.jar;C:\Users\efrain\.m2\repository\org\apache\maven\maven-artifact\2.0.9\maven-artifact-2.0.9.jar;C:\Users\efrain\.m2\repository\org\codehaus\plexus\plexus-container-default\1.0-alpha-9-stable-1\plexus-container-default-1.0-alpha-9-stable-1.jar;C:\Users\efrain\.m2\repository\classworlds\classworlds\1.1-alpha-2\classworlds-1.1-alpha-2.jar;C:\Users\efrain\.m2\repository\org\apache\maven\maven-model\2.0.9\maven-model-2.0.9.jar;C:\Users\efrain\.m2\repository\org\apache\maven\reporting\maven-reporting-api\3.0\maven-reporting-api-3.0.jar;C:\Users\efrain\.m2\repository\org\apache\maven\reporting\maven-reporting-impl\2.1\maven-reporting-impl-2.1.jar;C:\Users\efrain\.m2\repository\org\apache\maven\doxia\doxia-core\1.1.2\doxia-core-1.1.2.jar;C:\Users\efrain\.m2\repository\commons-httpclient\commons-httpclient\3.1\commons-httpclient-3.1.jar;C:\Users\efrain\.m2\repository\commons-validator\commons-validator\1.2.0\commons-validator-1.2.0.jar;C:\Users\efrain\.m2\repository\commons-beanutils\commons-beanutils\1.7.0\commons-beanutils-1.7.0.jar;C:\Users\efrain\.m2\repository\commons-digester\commons-digester\1.6\commons-digester-1.6.jar;C:\Users\efrain\.m2\repository\org\apache\maven\wagon\wagon-provider-api\1.0\wagon-provider-api-1.0.jar;C:\Users\efrain\.m2\repository\org\apache\maven\doxia\doxia-site-renderer\1.2\doxia-site-renderer-1.2.jar;C:\Users\efrain\.m2\repository\org\apache\maven\doxia\doxia-logging-api\1.2\doxia-logging-api-1.2.jar;C:\Users\efrain\.m2\repository\org\apache\maven\doxia\doxia-decoration-model\1.2\doxia-decoration-model-1.2.jar;C:\Users\efrain\.m2\repository\org\apache\maven\doxia\doxia-module-xhtml\1.2\doxia-module-xhtml-1.2.jar;C:\Users\efrain\.m2\repository\org\apache\maven\doxia\doxia-module-fml\1.2\doxia-module-fml-1.2.jar;C:\Users\efrain\.m2\repository\org\codehaus\plexus\plexus-i18n\1.0-beta-7\plexus-i18n-1.0-beta-7.jar;C:\Users\efrain\.m2\repository\org\codehaus\plexus\plexus-velocity\1.1.7\plexus-velocity-1.1.7.jar;C:\Users\efrain\.m2\repository\org\apache\maven\doxia\doxia-sink-api\1.2\doxia-sink-api-1.2.jar;C:\Users\efrain\.m2\repository\org\codehaus\plexus\plexus-utils\1.5.8\plexus-utils-1.5.8.jar;C:\Users\efrain\.m2\repository\xml-apis\xml-apis\1.0.b2\xml-apis-1.0.b2.jar;C:\Users\efrain\.m2\repository\xalan\xalan\2.7.0\xalan-2.7.0.jar;C:\Users\efrain\.m2\repository\org\seleniumhq\selenium\selenium-java\3.5.3\selenium-java-3.5.3.jar;C:\Users\efrain\.m2\repository\org\seleniumhq\selenium\selenium-api\3.5.3\selenium-api-3.5.3.jar;C:\Users\efrain\.m2\repository\org\seleniumhq\selenium\selenium-chrome-driver\3.5.3\selenium-chrome-driver-3.5.3.jar;C:\Users\efrain\.m2\repository\org\seleniumhq\selenium\selenium-edge-driver\3.5.3\selenium-edge-driver-3.5.3.jar;C:\Users\efrain\.m2\repository\org\seleniumhq\selenium\selenium-firefox-driver\3.5.3\selenium-firefox-driver-3.5.3.jar;C:\Users\efrain\.m2\repository\org\seleniumhq\selenium\selenium-ie-driver\3.5.3\selenium-ie-driver-3.5.3.jar;C:\Users\efrain\.m2\repository\org\seleniumhq\selenium\selenium-opera-driver\3.5.3\selenium-opera-driver-3.5.3.jar;C:\Users\efrain\.m2\repository\org\seleniumhq\selenium\selenium-remote-driver\3.5.3\selenium-remote-driver-3.5.3.jar;C:\Users\efrain\.m2\repository\org\seleniumhq\selenium\selenium-safari-driver\3.5.3\selenium-safari-driver-3.5.3.jar;C:\Users\efrain\.m2\repository\org\seleniumhq\selenium\selenium-support\3.5.3\selenium-support-3.5.3.jar;C:\Users\efrain\.m2\repository\cglib\cglib-nodep\3.2.4\cglib-nodep-3.2.4.jar;C:\Users\efrain\.m2\repository\org\apache\commons\commons-exec\1.3\commons-exec-1.3.jar;C:\Users\efrain\.m2\repository\org\apache\commons\commons-lang3\3.5\commons-lang3-3.5.jar;C:\Users\efrain\.m2\repository\commons-codec\commons-codec\1.10\commons-codec-1.10.jar;C:\Users\efrain\.m2\repository\commons-io\commons-io\2.5\commons-io-2.5.jar;C:\Users\efrain\.m2\repository\commons-logging\commons-logging\1.2\commons-logging-1.2.jar;C:\Users\efrain\.m2\repository\org\w3c\css\sac\1.3\sac-1.3.jar;C:\Users\efrain\.m2\repository\net\sourceforge\cssparser\cssparser\0.9.23\cssparser-0.9.23.jar;C:\Users\efrain\.m2\repository\com\google\code\gson\gson\2.8.0\gson-2.8.0.jar;C:\Users\efrain\.m2\repository\com\google\guava\guava\23.0\guava-23.0.jar;C:\Users\efrain\.m2\repository\com\google\code\findbugs\jsr305\1.3.9\jsr305-1.3.9.jar;C:\Users\efrain\.m2\repository\com\google\errorprone\error_prone_annotations\2.0.18\error_prone_annotations-2.0.18.jar;C:\Users\efrain\.m2\repository\com\google\j2objc\j2objc-annotations\1.1\j2objc-annotations-1.1.jar;C:\Users\efrain\.m2\repository\org\codehaus\mojo\animal-sniffer-annotations\1.14\animal-sniffer-annotations-1.14.jar;C:\Users\efrain\.m2\repository\org\hamcrest\hamcrest-core\1.3\hamcrest-core-1.3.jar;C:\Users\efrain\.m2\repository\net\sourceforge\htmlunit\htmlunit-core-js\2.27\htmlunit-core-js-2.27.jar;C:\Users\efrain\.m2\repository\net\sourceforge\htmlunit\neko-htmlunit\2.27\neko-htmlunit-2.27.jar;C:\Users\efrain\.m2\repository\org\apache\httpcomponents\httpclient\4.5.3\httpclient-4.5.3.jar;C:\Users\efrain\.m2\repository\org\apache\httpcomponents\httpcore\4.4.6\httpcore-4.4.6.jar;C:\Users\efrain\.m2\repository\org\apache\httpcomponents\httpmime\4.5.3\httpmime-4.5.3.jar;C:\Users\efrain\.m2\repository\org\eclipse\jetty\jetty-client\9.4.5.v20170502\jetty-client-9.4.5.v20170502.jar;C:\Users\efrain\.m2\repository\org\eclipse\jetty\jetty-http\9.4.5.v20170502\jetty-http-9.4.5.v20170502.jar;C:\Users\efrain\.m2\repository\org\eclipse\jetty\jetty-io\9.4.5.v20170502\jetty-io-9.4.5.v20170502.jar;C:\Users\efrain\.m2\repository\org\eclipse\jetty\jetty-util\9.4.5.v20170502\jetty-util-9.4.5.v20170502.jar;C:\Users\efrain\.m2\repository\net\java\dev\jna\jna\4.1.0\jna-4.1.0.jar;C:\Users\efrain\.m2\repository\net\java\dev\jna\jna-platform\4.1.0\jna-platform-4.1.0.jar;C:\Users\efrain\.m2\repository\junit\junit\4.12\junit-4.12.jar;C:\Users\efrain\.m2\repository\com\codeborne\phantomjsdriver\1.4.0\phantomjsdriver-1.4.0.jar;C:\Users\efrain\.m2\repository\org\seleniumhq\selenium\htmlunit-driver\2.27\htmlunit-driver-2.27.jar;C:\Users\efrain\.m2\repository\javax\servlet\javax.servlet-api\3.1.0\javax.servlet-api-3.1.0.jar;C:\Users\efrain\.m2\repository\org\eclipse\jetty\websocket\websocket-api\9.4.5.v20170502\websocket-api-9.4.5.v20170502.jar;C:\Users\efrain\.m2\repository\org\eclipse\jetty\websocket\websocket-client\9.4.5.v20170502\websocket-client-9.4.5.v20170502.jar;C:\Users\efrain\.m2\repository\org\eclipse\jetty\websocket\websocket-common\9.4.5.v20170502\websocket-common-9.4.5.v20170502.jar;C:\Users\efrain\.m2\repository\xalan\serializer\2.7.2\serializer-2.7.2.jar;C:\Users\efrain\.m2\repository\xerces\xercesImpl\2.11.0\xercesImpl-2.11.0.jar;C:\Users\efrain\.m2\repository\mysql\mysql-connector-java\6.0.6\mysql-connector-java-6.0.6.jar;C:\Users\efrain\.m2\repository\net\sourceforge\htmlunit\htmlunit\2.26\htmlunit-2.26.jar;C:\Users\efrain\.m2\repository\org\testng\testng\6.10\testng-6.10.jar;C:\Users\efrain\.m2\repository\com\beust\jcommander\1.48\jcommander-1.48.jar;C:\Users\efrain\.m2\repository\org\apache\poi\poi-ooxml\3.16\poi-ooxml-3.16.jar;C:\Users\efrain\.m2\repository\org\apache\poi\poi\3.16\poi-3.16.jar;C:\Users\efrain\.m2\repository\org\apache\commons\commons-collections4\4.1\commons-collections4-4.1.jar;C:\Users\efrain\.m2\repository\org\apache\poi\poi-ooxml-schemas\3.16\poi-ooxml-schemas-3.16.jar;C:\Users\efrain\.m2\repository\org\apache\xmlbeans\xmlbeans\2.6.0\xmlbeans-2.6.0.jar;C:\Users\efrain\.m2\repository\stax\stax-api\1.0.1\stax-api-1.0.1.jar;C:\Users\efrain\.m2\repository\com\github\virtuald\curvesapi\1.04\curvesapi-1.04.jar;C:\Users\efrain\.m2\repository\log4j\log4j\1.2.17\log4j-1.2.17.jar;C:\Users\efrain\.m2\repository\org\apache\maven\surefire\surefire-testng-utils\2.20.1\surefire-testng-utils-2.20.1.jar;C:\Users\efrain\.m2\repository\org\apache\maven\surefire\surefire-grouper\2.20.1\surefire-grouper-2.20.1.jar;"/>
    <property name="sun.cpu.endian" value="little"/>
    <property name="user.home" value="C:\Users\efrain"/>
    <property name="user.language" value="en"/>
    <property name="java.specification.vendor" value="Oracle Corporation"/>
    <property name="java.home" value="C:\Program Files\Java\jdk1.8.0_121\jre"/>
    <property name="basedir" value="C:\Users\efrain\git\com.adactin.hotelapp\com.adactin.hotelapp"/>
    <property name="file.separator" value="\"/>
    <property name="line.separator" value="&#10;"/>
    <property name="java.vm.specification.vendor" value="Oracle Corporation"/>
    <property name="java.specification.name" value="Java Platform API Specification"/>
    <property name="java.awt.graphicsenv" value="sun.awt.Win32GraphicsEnvironment"/>
    <property name="surefire.real.class.path" value="C:\Users\efrain\AppData\Local\Temp\surefire3229643395425854841\surefirebooter5161299807921953779.jar"/>
    <property name="sun.boot.class.path" value="C:\Program Files\Java\jdk1.8.0_121\jre\lib\resources.jar;C:\Program Files\Java\jdk1.8.0_121\jre\lib\rt.jar;C:\Program Files\Java\jdk1.8.0_121\jre\lib\sunrsasign.jar;C:\Program Files\Java\jdk1.8.0_121\jre\lib\jsse.jar;C:\Program Files\Java\jdk1.8.0_121\jre\lib\jce.jar;C:\Program Files\Java\jdk1.8.0_121\jre\lib\charsets.jar;C:\Program Files\Java\jdk1.8.0_121\jre\lib\jfr.jar;C:\Program Files\Java\jdk1.8.0_121\jre\classes"/>
    <property name="user.script" value=""/>
    <property name="sun.management.compiler" value="HotSpot 64-Bit Tiered Compilers"/>
    <property name="java.runtime.version" value="1.8.0_121-b13"/>
    <property name="user.name" value="efrain"/>
    <property name="path.separator" value=";"/>
    <property name="os.version" value="6.1"/>
    <property name="java.endorsed.dirs" value="C:\Program Files\Java\jdk1.8.0_121\jre\lib\endorsed"/>
    <property name="java.runtime.name" value="Java(TM) SE Runtime Environment"/>
    <property name="file.encoding" value="Cp1252"/>
    <property name="java.vm.name" value="Java HotSpot(TM) 64-Bit Server VM"/>
    <property name="localRepository" value="C:\Users\efrain\.m2\repository"/>
    <property name="java.vendor.url.bug" value="http://bugreport.sun.com/bugreport/"/>
    <property name="java.io.tmpdir" value="C:\Users\efrain\AppData\Local\Temp\"/>
    <property name="java.version" value="1.8.0_121"/>
    <property name="user.dir" value="C:\Users\efrain\git\com.adactin.hotelapp\com.adactin.hotelapp"/>
    <property name="os.arch" value="amd64"/>
    <property name="java.vm.specification.name" value="Java Virtual Machine Specification"/>
    <property name="java.awt.printerjob" value="sun.awt.windows.WPrinterJob"/>
    <property name="sun.os.patch.level" value="Service Pack 1"/>
    <property name="java.library.path" value="C:\Program Files\Java\jdk1.8.0_121\jre\bin;C:\Windows\Sun\Java\bin;C:\Windows\system32;C:\Windows;C:\Users\efrain\bin;C:\Program Files\Git\mingw64\bin;C:\Program Files\Git\usr\local\bin;C:\Program Files\Git\usr\bin;C:\Program Files\Git\usr\bin;C:\Program Files\Git\mingw64\bin;C:\Program Files\Git\usr\bin;C:\Users\efrain\bin;C:\ProgramData\Oracle\Java\javapath;C:\Program Files (x86)\Intel\iCLS Client;C:\Program Files\Intel\iCLS Client;C:\Windows\system32;C:\Windows;C:\Windows\System32\Wbem;C:\Windows\System32\WindowsPowerShell\v1.0;C:\Program Files\Hewlett-Packard\SimplePass;C:\Program Files\Intel\Intel(R) Management Engine Components\DAL;C:\Program Files\Intel\Intel(R) Management Engine Components\IPT;C:\Program Files (x86)\Intel\Intel(R) Management Engine Components\DAL;C:\Program Files (x86)\Intel\Intel(R) Management Engine Components\IPT;C:\Program Files (x86)\Common Files\HP\Digital Imaging\bin;C:\Program Files (x86)\HP\Digital Imaging\bin;C:\Program Files (x86)\HP\Digital Imaging\bin\Qt\Qt 4.3.3;C:\Program Files (x86)\Skype\Phone;C:\Users\efrain\ant\apache-ant-1.9.6\bin;%JAVA_HOME%\bin;C:\Program Files\VisualSVN Server\bin;C:\Program Files\TortoiseSVN\bin;C:\Users\efrain\android-sdk-windows\platform-tools;C:\Users\efrain\android-sdk-windows\tools;C:\Program Files\Java\jdk1.8.0_141\bin;C:\Users\efrain\Java_practice_workspace\test_automation\tools;C:\Users\efrain\nodeJs;C:\Users\efrain\apache-maven-3.3.3\apache-maven-3.3.9-bin\apache-maven-3.3.9\bin;C:\Program Files\Git\cmd;C:\Users\efrain\AppData\Roaming\npm;C:\Program Files\Git\usr\bin\vendor_perl;C:\Program Files\Git\usr\bin\core_perl;."/>
    <property name="java.vm.info" value="mixed mode"/>
    <property name="java.vendor" value="Oracle Corporation"/>
    <property name="java.vm.version" value="25.121-b13"/>
    <property name="java.ext.dirs" value="C:\Program Files\Java\jdk1.8.0_121\jre\lib\ext;C:\Windows\Sun\Java\lib\ext"/>
    <property name="sun.io.unicode.encoding" value="UnicodeLittle"/>
    <property name="java.class.version" value="52.0"/>
  </properties>
  <testcase name="LogValidateNoUserNoPassword" classname="com.adactin.hotelapp.tests.AdactinLogin" time="1.851"/>
  <testcase name="LogValidatePasswordOnly" classname="com.adactin.hotelapp.tests.AdactinLogin" time="0.54"/>
  <testcase name="LogValidateUserAndPassword" classname="com.adactin.hotelapp.tests.AdactinLogin" time="0.62"/>
  <testcase name="LogValidateUserOnly" classname="com.adactin.hotelapp.tests.AdactinLogin" time="0.56"/>
  <testcase name="deafaultLoginTest" classname="com.adactin.hotelapp.tests.AdactinLogin" time="2.49"/>
  <testcase name="simpleLoginTest" classname="com.adactin.hotelapp.tests.AdactinLogin" time="1.801"/>
  <testcase name="simpleLoginTest" classname="com.adactin.hotelapp.tests.AdactinLogin" time="1.11">
    <failure message="simpleLoginTest FAILED expected [true] but found [false]" type="java.lang.AssertionError">java.lang.AssertionError: simpleLoginTest FAILED expected [true] but found [false]
	at com.adactin.hotelapp.tests.AdactinLogin.simpleLoginTest(AdactinLogin.java:34)
</failure>
    <system-out><![CDATA[2017-10-21 05:22:49 [main] (UtilKit.java:248) [INFO] Test Method : com.adactin.hotelapp.tests.AdactinLogin.simpleLoginTest Completed at : 10/21/2017 05:22:49 Elapsed Time in Seconds : 1.811  Success Status = true


2017-10-21 05:22:55 [main] (UtilKit.java:160) [INFO] Test Method : com.adactin.hotelapp.tests.AdactinLogin:simpleLoginTest Started at 10/21/2017 05:22:55
Adactin Search Page Title : AdactIn.com - Hotel Reservation System
]]></system-out>
    <system-err><![CDATA[1508577774618	Marionette	DEBUG	Received DOM event "beforeunload" for "http://www.adactin.com/HotelAppBuild2/SearchHotel.php"
1508577775189	Marionette	DEBUG	Received DOM event "pagehide" for "http://www.adactin.com/HotelAppBuild2/SearchHotel.php"
1508577775189	Marionette	DEBUG	Received DOM event "unload" for "http://www.adactin.com/HotelAppBuild2/SearchHotel.php"
1508577775232	Marionette	DEBUG	Received DOM event "DOMContentLoaded" for "http://www.adactin.com/HotelApp/"
1508577775304	Marionette	DEBUG	Received DOM event "pageshow" for "http://www.adactin.com/HotelApp/"
1508577775376	Marionette	DEBUG	Received DOM event "beforeunload" for "http://www.adactin.com/HotelApp/"
1508577775661	Marionette	DEBUG	Received DOM event "pagehide" for "http://www.adactin.com/HotelApp/"
1508577775662	Marionette	DEBUG	Received DOM event "unload" for "http://www.adactin.com/HotelApp/"
1508577775695	Marionette	DEBUG	Received DOM event "DOMContentLoaded" for "http://www.adactin.com/HotelAppBuild2/"
1508577775767	Marionette	DEBUG	Received DOM event "pageshow" for "http://www.adactin.com/HotelAppBuild2/"
1508577775936	Marionette	DEBUG	Received DOM event "beforeunload" for "http://www.adactin.com/HotelAppBuild2/"
1508577776262	Marionette	DEBUG	Received DOM event "pagehide" for "http://www.adactin.com/HotelAppBuild2/"
1508577776263	Marionette	DEBUG	Received DOM event "unload" for "http://www.adactin.com/HotelAppBuild2/"
1508577776310	Marionette	DEBUG	Received DOM event "DOMContentLoaded" for "http://www.adactin.com/HotelAppBuild2/"
1508577776373	Marionette	DEBUG	Received DOM event "pageshow" for "http://www.adactin.com/HotelAppBuild2/"
]]></system-err>
  </testcase>
  <testcase name="simpleLoginTest" classname="com.adactin.hotelapp.tests.AdactinLogin" time="1.33"/>
  <testcase name="simpleLoginTest" classname="com.adactin.hotelapp.tests.AdactinLogin" time="1.08">
    <failure message="simpleLoginTest FAILED expected [true] but found [false]" type="java.lang.AssertionError">java.lang.AssertionError: simpleLoginTest FAILED expected [true] but found [false]
	at com.adactin.hotelapp.tests.AdactinLogin.simpleLoginTest(AdactinLogin.java:34)
</failure>
    <system-out><![CDATA[2017-10-21 05:23:03 [main] (UtilKit.java:248) [INFO] Test Method : com.adactin.hotelapp.tests.AdactinLogin.simpleLoginTest Completed at : 10/21/2017 05:23:03 Elapsed Time in Seconds : 1.34  Success Status = true


2017-10-21 05:23:09 [main] (UtilKit.java:160) [INFO] Test Method : com.adactin.hotelapp.tests.AdactinLogin:simpleLoginTest Started at 10/21/2017 05:23:09
Adactin Search Page Title : AdactIn.com - Hotel Reservation System
]]></system-out>
    <system-err><![CDATA[1508577788738	Marionette	DEBUG	Received DOM event "beforeunload" for "http://www.adactin.com/HotelAppBuild2/SearchHotel.php"
1508577789318	Marionette	DEBUG	Received DOM event "pagehide" for "http://www.adactin.com/HotelAppBuild2/SearchHotel.php"
1508577789318	Marionette	DEBUG	Received DOM event "unload" for "http://www.adactin.com/HotelAppBuild2/SearchHotel.php"
1508577789355	Marionette	DEBUG	Received DOM event "DOMContentLoaded" for "http://www.adactin.com/HotelApp/"
1508577789440	Marionette	DEBUG	Received DOM event "pageshow" for "http://www.adactin.com/HotelApp/"
1508577789510	Marionette	DEBUG	Received DOM event "beforeunload" for "http://www.adactin.com/HotelApp/"
1508577789815	Marionette	DEBUG	Received DOM event "pagehide" for "http://www.adactin.com/HotelApp/"
1508577789816	Marionette	DEBUG	Received DOM event "unload" for "http://www.adactin.com/HotelApp/"
1508577789866	Marionette	DEBUG	Received DOM event "DOMContentLoaded" for "http://www.adactin.com/HotelAppBuild2/"
1508577789944	Marionette	DEBUG	Received DOM event "pageshow" for "http://www.adactin.com/HotelAppBuild2/"
1508577790065	Marionette	DEBUG	Received DOM event "beforeunload" for "http://www.adactin.com/HotelAppBuild2/"
1508577790400	Marionette	DEBUG	Received DOM event "pagehide" for "http://www.adactin.com/HotelAppBuild2/"
1508577790401	Marionette	DEBUG	Received DOM event "unload" for "http://www.adactin.com/HotelAppBuild2/"
1508577790441	Marionette	DEBUG	Received DOM event "DOMContentLoaded" for "http://www.adactin.com/HotelAppBuild2/"
1508577790505	Marionette	DEBUG	Received DOM event "pageshow" for "http://www.adactin.com/HotelAppBuild2/"
]]></system-err>
  </testcase>
</testsuite>